{
  "RSpec": {
    "coverage": {
      "/Users/emmymorris/turing/1module/projects/enigma/lib/enigma.rb": {
        "lines": [
          1,
          1,
          1,
          null,
          null,
          null,
          null,
          null,
          1,
          2,
          2,
          2,
          2,
          null,
          null,
          1,
          8,
          8,
          8,
          null,
          null,
          1,
          4,
          4,
          4,
          4,
          4,
          4,
          null,
          null,
          1,
          1,
          1,
          1,
          1,
          11,
          null,
          1,
          null,
          null,
          1,
          92,
          null,
          92,
          17,
          75,
          25,
          50,
          25,
          null,
          25,
          null,
          null,
          null,
          1,
          56,
          56,
          56,
          null,
          null,
          1,
          5,
          5,
          5,
          55,
          55,
          55,
          null,
          5,
          null,
          null,
          1,
          1,
          1,
          1,
          1,
          null,
          null,
          1,
          34,
          34,
          34,
          null,
          null,
          1,
          3,
          3,
          3,
          33,
          33,
          33,
          null,
          3,
          null,
          null
        ]
      }
    },
    "timestamp": 1619497365
  }
}
